The system is: Darwin - 19.6.0 - x86_64
Compiling the C compiler identification source file "CMakeCCompilerId.c" succeeded.
Compiler: /usr/local/opt/llvm/bin/clang 
Build flags: 
Id flags:  

The output was:
0


Compilation of the C compiler identification source "CMakeCCompilerId.c" produced "a.out"

The C compiler identification is Clang, found in "/Users/vk/software/test-cmake/package1/build/CMakeFiles/3.17.0/CompilerIdC/a.out"

Compiling the CXX compiler identification source file "CMakeCXXCompilerId.cpp" succeeded.
Compiler: /usr/local/opt/llvm/bin/clang++ 
Build flags: 
Id flags:  

The output was:
0


Compilation of the CXX compiler identification source "CMakeCXXCompilerId.cpp" produced "a.out"

The CXX compiler identification is Clang, found in "/Users/vk/software/test-cmake/package1/build/CMakeFiles/3.17.0/CompilerIdCXX/a.out"

Determining if the C compiler works passed with the following output:
Change Dir: /Users/vk/software/test-cmake/package1/build/CMakeFiles/CMakeTmp

Run Build Command(s):/usr/bin/make cmTC_55e29/fast && /Library/Developer/CommandLineTools/usr/bin/make -f CMakeFiles/cmTC_55e29.dir/build.make CMakeFiles/cmTC_55e29.dir/build
Building C object CMakeFiles/cmTC_55e29.dir/testCCompiler.c.o
/usr/local/opt/llvm/bin/clang   -isysroot /Library/Developer/CommandLineTools/SDKs/MacOSX10.15.sdk   -o CMakeFiles/cmTC_55e29.dir/testCCompiler.c.o   -c /Users/vk/software/test-cmake/package1/build/CMakeFiles/CMakeTmp/testCCompiler.c
Linking C executable cmTC_55e29
/usr/local/Cellar/cmake/3.17.0/bin/cmake -E cmake_link_script CMakeFiles/cmTC_55e29.dir/link.txt --verbose=1
/usr/local/opt/llvm/bin/clang   -isysroot /Library/Developer/CommandLineTools/SDKs/MacOSX10.15.sdk -Wl,-search_paths_first -Wl,-headerpad_max_install_names   CMakeFiles/cmTC_55e29.dir/testCCompiler.c.o  -o cmTC_55e29 



Detecting C compiler ABI info compiled with the following output:
Change Dir: /Users/vk/software/test-cmake/package1/build/CMakeFiles/CMakeTmp

Run Build Command(s):/usr/bin/make cmTC_cfca9/fast && /Library/Developer/CommandLineTools/usr/bin/make -f CMakeFiles/cmTC_cfca9.dir/build.make CMakeFiles/cmTC_cfca9.dir/build
Building C object CMakeFiles/cmTC_cfca9.dir/CMakeCCompilerABI.c.o
/usr/local/opt/llvm/bin/clang   -isysroot /Library/Developer/CommandLineTools/SDKs/MacOSX10.15.sdk   -v -Wl,-v -o CMakeFiles/cmTC_cfca9.dir/CMakeCCompilerABI.c.o   -c /usr/local/Cellar/cmake/3.17.0/share/cmake/Modules/CMakeCCompilerABI.c
clang version 11.0.0
Target: x86_64-apple-darwin19.6.0
Thread model: posix
InstalledDir: /usr/local/opt/llvm/bin
clang-11: warning: -Wl,-v: 'linker' input unused [-Wunused-command-line-argument]
 (in-process)
 "/usr/local/Cellar/llvm/11.0.0/bin/clang-11" -cc1 -triple x86_64-apple-macosx10.15.0 -Wundef-prefix=TARGET_OS_ -Werror=undef-prefix -Wdeprecated-objc-isa-usage -Werror=deprecated-objc-isa-usage -emit-obj -mrelax-all -disable-free -disable-llvm-verifier -discard-value-names -main-file-name CMakeCCompilerABI.c -mrelocation-model pic -pic-level 2 -mframe-pointer=all -fno-rounding-math -munwind-tables -target-sdk-version=10.15.6 -fcompatibility-qualified-id-block-type-checking -target-cpu penryn -debugger-tuning=lldb -target-linker-version 609 -v -resource-dir /usr/local/Cellar/llvm/11.0.0/lib/clang/11.0.0 -isysroot /Library/Developer/CommandLineTools/SDKs/MacOSX10.15.sdk -I/Users/vk/software/tbb/tbb2017_20170604oss/include -I/Users/vk/software/tbb/tbb2017_20170604oss/include -internal-isystem /Library/Developer/CommandLineTools/SDKs/MacOSX10.15.sdk/usr/local/include -internal-isystem /usr/local/Cellar/llvm/11.0.0/lib/clang/11.0.0/include -internal-externc-isystem /Library/Developer/CommandLineTools/SDKs/MacOSX10.15.sdk/usr/include -fdebug-compilation-dir /Users/vk/software/test-cmake/package1/build/CMakeFiles/CMakeTmp -ferror-limit 19 -stack-protector 1 -fblocks -fencode-extended-block-signature -fregister-global-dtors-with-atexit -fgnuc-version=4.2.1 -fmax-type-align=16 -o CMakeFiles/cmTC_cfca9.dir/CMakeCCompilerABI.c.o -x c /usr/local/Cellar/cmake/3.17.0/share/cmake/Modules/CMakeCCompilerABI.c
clang -cc1 version 11.0.0 based upon LLVM 11.0.0 default target x86_64-apple-darwin19.6.0
ignoring nonexistent directory "/Library/Developer/CommandLineTools/SDKs/MacOSX10.15.sdk/usr/local/include"
ignoring nonexistent directory "/Library/Developer/CommandLineTools/SDKs/MacOSX10.15.sdk/Library/Frameworks"
ignoring duplicate directory "/Users/vk/software/tbb/tbb2017_20170604oss/include"
#include "..." search starts here:
#include <...> search starts here:
 /Users/vk/software/tbb/tbb2017_20170604oss/include
 /usr/local/Cellar/llvm/11.0.0/lib/clang/11.0.0/include
 /Library/Developer/CommandLineTools/SDKs/MacOSX10.15.sdk/usr/include
 /Library/Developer/CommandLineTools/SDKs/MacOSX10.15.sdk/System/Library/Frameworks (framework directory)
End of search list.
Linking C executable cmTC_cfca9
/usr/local/Cellar/cmake/3.17.0/bin/cmake -E cmake_link_script CMakeFiles/cmTC_cfca9.dir/link.txt --verbose=1
/usr/local/opt/llvm/bin/clang   -isysroot /Library/Developer/CommandLineTools/SDKs/MacOSX10.15.sdk -Wl,-search_paths_first -Wl,-headerpad_max_install_names  -v -Wl,-v CMakeFiles/cmTC_cfca9.dir/CMakeCCompilerABI.c.o  -o cmTC_cfca9 
clang version 11.0.0
Target: x86_64-apple-darwin19.6.0
Thread model: posix
InstalledDir: /usr/local/opt/llvm/bin
 "/usr/bin/ld" -demangle -lto_library /usr/local/Cellar/llvm/11.0.0/lib/libLTO.dylib -dynamic -arch x86_64 -platform_version macos 10.15.0 10.15.6 -syslibroot /Library/Developer/CommandLineTools/SDKs/MacOSX10.15.sdk -o cmTC_cfca9 -L/Users/vk/software/tbb/tbb2017_20170604oss/lib -L/Users/vk/software/tbb/tbb2017_20170604oss/lib -search_paths_first -headerpad_max_install_names -v CMakeFiles/cmTC_cfca9.dir/CMakeCCompilerABI.c.o -lSystem /usr/local/Cellar/llvm/11.0.0/lib/clang/11.0.0/lib/darwin/libclang_rt.osx.a
@(#)PROGRAM:ld  PROJECT:ld64-609
BUILD 04:42:03 Aug 10 2020
configured to support archs: armv6 armv7 armv7s arm64 arm64e arm64_32 i386 x86_64 x86_64h armv6m armv7k armv7m armv7em
Library search paths:
	/Users/vk/software/tbb/tbb2017_20170604oss/lib
	/Users/vk/software/tbb/tbb2017_20170604oss/lib
	/Library/Developer/CommandLineTools/SDKs/MacOSX10.15.sdk/usr/lib
Framework search paths:
	/Library/Developer/CommandLineTools/SDKs/MacOSX10.15.sdk/System/Library/Frameworks/



Parsed C implicit include dir info from above output: rv=done
  found start of include info
  found start of implicit include info
    add: [/Users/vk/software/tbb/tbb2017_20170604oss/include]
    add: [/usr/local/Cellar/llvm/11.0.0/lib/clang/11.0.0/include]
    add: [/Library/Developer/CommandLineTools/SDKs/MacOSX10.15.sdk/usr/include]
  end of search list found
  collapse include dir [/Users/vk/software/tbb/tbb2017_20170604oss/include] ==> [/Users/vk/software/tbb/tbb2017_20170604oss/include]
  collapse include dir [/usr/local/Cellar/llvm/11.0.0/lib/clang/11.0.0/include] ==> [/usr/local/Cellar/llvm/11.0.0/lib/clang/11.0.0/include]
  collapse include dir [/Library/Developer/CommandLineTools/SDKs/MacOSX10.15.sdk/usr/include] ==> [/Library/Developer/CommandLineTools/SDKs/MacOSX10.15.sdk/usr/include]
  implicit include dirs: [/Users/vk/software/tbb/tbb2017_20170604oss/include;/usr/local/Cellar/llvm/11.0.0/lib/clang/11.0.0/include;/Library/Developer/CommandLineTools/SDKs/MacOSX10.15.sdk/usr/include]


Parsed C implicit link information from above output:
  link line regex: [^( *|.*[/\])(ld|CMAKE_LINK_STARTFILE-NOTFOUND|([^/\]+-)?ld|collect2)[^/\]*( |$)]
  ignore line: [Change Dir: /Users/vk/software/test-cmake/package1/build/CMakeFiles/CMakeTmp]
  ignore line: []
  ignore line: [Run Build Command(s):/usr/bin/make cmTC_cfca9/fast && /Library/Developer/CommandLineTools/usr/bin/make -f CMakeFiles/cmTC_cfca9.dir/build.make CMakeFiles/cmTC_cfca9.dir/build]
  ignore line: [Building C object CMakeFiles/cmTC_cfca9.dir/CMakeCCompilerABI.c.o]
  ignore line: [/usr/local/opt/llvm/bin/clang   -isysroot /Library/Developer/CommandLineTools/SDKs/MacOSX10.15.sdk   -v -Wl -v -o CMakeFiles/cmTC_cfca9.dir/CMakeCCompilerABI.c.o   -c /usr/local/Cellar/cmake/3.17.0/share/cmake/Modules/CMakeCCompilerABI.c]
  ignore line: [clang version 11.0.0]
  ignore line: [Target: x86_64-apple-darwin19.6.0]
  ignore line: [Thread model: posix]
  ignore line: [InstalledDir: /usr/local/opt/llvm/bin]
  ignore line: [clang-11: warning: -Wl -v: 'linker' input unused [-Wunused-command-line-argument]]
  ignore line: [ (in-process)]
  ignore line: [ "/usr/local/Cellar/llvm/11.0.0/bin/clang-11" -cc1 -triple x86_64-apple-macosx10.15.0 -Wundef-prefix=TARGET_OS_ -Werror=undef-prefix -Wdeprecated-objc-isa-usage -Werror=deprecated-objc-isa-usage -emit-obj -mrelax-all -disable-free -disable-llvm-verifier -discard-value-names -main-file-name CMakeCCompilerABI.c -mrelocation-model pic -pic-level 2 -mframe-pointer=all -fno-rounding-math -munwind-tables -target-sdk-version=10.15.6 -fcompatibility-qualified-id-block-type-checking -target-cpu penryn -debugger-tuning=lldb -target-linker-version 609 -v -resource-dir /usr/local/Cellar/llvm/11.0.0/lib/clang/11.0.0 -isysroot /Library/Developer/CommandLineTools/SDKs/MacOSX10.15.sdk -I/Users/vk/software/tbb/tbb2017_20170604oss/include -I/Users/vk/software/tbb/tbb2017_20170604oss/include -internal-isystem /Library/Developer/CommandLineTools/SDKs/MacOSX10.15.sdk/usr/local/include -internal-isystem /usr/local/Cellar/llvm/11.0.0/lib/clang/11.0.0/include -internal-externc-isystem /Library/Developer/CommandLineTools/SDKs/MacOSX10.15.sdk/usr/include -fdebug-compilation-dir /Users/vk/software/test-cmake/package1/build/CMakeFiles/CMakeTmp -ferror-limit 19 -stack-protector 1 -fblocks -fencode-extended-block-signature -fregister-global-dtors-with-atexit -fgnuc-version=4.2.1 -fmax-type-align=16 -o CMakeFiles/cmTC_cfca9.dir/CMakeCCompilerABI.c.o -x c /usr/local/Cellar/cmake/3.17.0/share/cmake/Modules/CMakeCCompilerABI.c]
  ignore line: [clang -cc1 version 11.0.0 based upon LLVM 11.0.0 default target x86_64-apple-darwin19.6.0]
  ignore line: [ignoring nonexistent directory "/Library/Developer/CommandLineTools/SDKs/MacOSX10.15.sdk/usr/local/include"]
  ignore line: [ignoring nonexistent directory "/Library/Developer/CommandLineTools/SDKs/MacOSX10.15.sdk/Library/Frameworks"]
  ignore line: [ignoring duplicate directory "/Users/vk/software/tbb/tbb2017_20170604oss/include"]
  ignore line: [#include "..." search starts here:]
  ignore line: [#include <...> search starts here:]
  ignore line: [ /Users/vk/software/tbb/tbb2017_20170604oss/include]
  ignore line: [ /usr/local/Cellar/llvm/11.0.0/lib/clang/11.0.0/include]
  ignore line: [ /Library/Developer/CommandLineTools/SDKs/MacOSX10.15.sdk/usr/include]
  ignore line: [ /Library/Developer/CommandLineTools/SDKs/MacOSX10.15.sdk/System/Library/Frameworks (framework directory)]
  ignore line: [End of search list.]
  ignore line: [Linking C executable cmTC_cfca9]
  ignore line: [/usr/local/Cellar/cmake/3.17.0/bin/cmake -E cmake_link_script CMakeFiles/cmTC_cfca9.dir/link.txt --verbose=1]
  ignore line: [/usr/local/opt/llvm/bin/clang   -isysroot /Library/Developer/CommandLineTools/SDKs/MacOSX10.15.sdk -Wl -search_paths_first -Wl -headerpad_max_install_names  -v -Wl -v CMakeFiles/cmTC_cfca9.dir/CMakeCCompilerABI.c.o  -o cmTC_cfca9 ]
  ignore line: [clang version 11.0.0]
  ignore line: [Target: x86_64-apple-darwin19.6.0]
  ignore line: [Thread model: posix]
  ignore line: [InstalledDir: /usr/local/opt/llvm/bin]
  link line: [ "/usr/bin/ld" -demangle -lto_library /usr/local/Cellar/llvm/11.0.0/lib/libLTO.dylib -dynamic -arch x86_64 -platform_version macos 10.15.0 10.15.6 -syslibroot /Library/Developer/CommandLineTools/SDKs/MacOSX10.15.sdk -o cmTC_cfca9 -L/Users/vk/software/tbb/tbb2017_20170604oss/lib -L/Users/vk/software/tbb/tbb2017_20170604oss/lib -search_paths_first -headerpad_max_install_names -v CMakeFiles/cmTC_cfca9.dir/CMakeCCompilerABI.c.o -lSystem /usr/local/Cellar/llvm/11.0.0/lib/clang/11.0.0/lib/darwin/libclang_rt.osx.a]
    arg [/usr/bin/ld] ==> ignore
    arg [-demangle] ==> ignore
    arg [-lto_library] ==> ignore, skip following value
    arg [/usr/local/Cellar/llvm/11.0.0/lib/libLTO.dylib] ==> skip value of -lto_library
    arg [-dynamic] ==> ignore
    arg [-arch] ==> ignore
    arg [x86_64] ==> ignore
    arg [-platform_version] ==> ignore
    arg [macos] ==> ignore
    arg [10.15.0] ==> ignore
    arg [10.15.6] ==> ignore
    arg [-syslibroot] ==> ignore
    arg [/Library/Developer/CommandLineTools/SDKs/MacOSX10.15.sdk] ==> ignore
    arg [-o] ==> ignore
    arg [cmTC_cfca9] ==> ignore
    arg [-L/Users/vk/software/tbb/tbb2017_20170604oss/lib] ==> dir [/Users/vk/software/tbb/tbb2017_20170604oss/lib]
    arg [-L/Users/vk/software/tbb/tbb2017_20170604oss/lib] ==> dir [/Users/vk/software/tbb/tbb2017_20170604oss/lib]
    arg [-search_paths_first] ==> ignore
    arg [-headerpad_max_install_names] ==> ignore
    arg [-v] ==> ignore
    arg [CMakeFiles/cmTC_cfca9.dir/CMakeCCompilerABI.c.o] ==> ignore
    arg [-lSystem] ==> lib [System]
    arg [/usr/local/Cellar/llvm/11.0.0/lib/clang/11.0.0/lib/darwin/libclang_rt.osx.a] ==> lib [/usr/local/Cellar/llvm/11.0.0/lib/clang/11.0.0/lib/darwin/libclang_rt.osx.a]
  Library search paths: [;/Users/vk/software/tbb/tbb2017_20170604oss/lib;/Users/vk/software/tbb/tbb2017_20170604oss/lib;/Library/Developer/CommandLineTools/SDKs/MacOSX10.15.sdk/usr/lib]
  Framework search paths: [;/Library/Developer/CommandLineTools/SDKs/MacOSX10.15.sdk/System/Library/Frameworks/]
  remove lib [System]
  remove lib [/usr/local/Cellar/llvm/11.0.0/lib/clang/11.0.0/lib/darwin/libclang_rt.osx.a]
  collapse library dir [/Users/vk/software/tbb/tbb2017_20170604oss/lib] ==> [/Users/vk/software/tbb/tbb2017_20170604oss/lib]
  collapse library dir [/Users/vk/software/tbb/tbb2017_20170604oss/lib] ==> [/Users/vk/software/tbb/tbb2017_20170604oss/lib]
  collapse library dir [/Users/vk/software/tbb/tbb2017_20170604oss/lib] ==> [/Users/vk/software/tbb/tbb2017_20170604oss/lib]
  collapse library dir [/Users/vk/software/tbb/tbb2017_20170604oss/lib] ==> [/Users/vk/software/tbb/tbb2017_20170604oss/lib]
  collapse library dir [/Library/Developer/CommandLineTools/SDKs/MacOSX10.15.sdk/usr/lib] ==> [/Library/Developer/CommandLineTools/SDKs/MacOSX10.15.sdk/usr/lib]
  collapse framework dir [/Library/Developer/CommandLineTools/SDKs/MacOSX10.15.sdk/System/Library/Frameworks/] ==> [/Library/Developer/CommandLineTools/SDKs/MacOSX10.15.sdk/System/Library/Frameworks]
  implicit libs: []
  implicit dirs: [/Users/vk/software/tbb/tbb2017_20170604oss/lib;/Library/Developer/CommandLineTools/SDKs/MacOSX10.15.sdk/usr/lib]
  implicit fwks: [/Library/Developer/CommandLineTools/SDKs/MacOSX10.15.sdk/System/Library/Frameworks]


Determining if the CXX compiler works passed with the following output:
Change Dir: /Users/vk/software/test-cmake/package1/build/CMakeFiles/CMakeTmp

Run Build Command(s):/usr/bin/make cmTC_7ec71/fast && /Library/Developer/CommandLineTools/usr/bin/make -f CMakeFiles/cmTC_7ec71.dir/build.make CMakeFiles/cmTC_7ec71.dir/build
Building CXX object CMakeFiles/cmTC_7ec71.dir/testCXXCompiler.cxx.o
/usr/local/opt/llvm/bin/clang++    -isysroot /Library/Developer/CommandLineTools/SDKs/MacOSX10.15.sdk   -o CMakeFiles/cmTC_7ec71.dir/testCXXCompiler.cxx.o -c /Users/vk/software/test-cmake/package1/build/CMakeFiles/CMakeTmp/testCXXCompiler.cxx
Linking CXX executable cmTC_7ec71
/usr/local/Cellar/cmake/3.17.0/bin/cmake -E cmake_link_script CMakeFiles/cmTC_7ec71.dir/link.txt --verbose=1
/usr/local/opt/llvm/bin/clang++    -isysroot /Library/Developer/CommandLineTools/SDKs/MacOSX10.15.sdk -Wl,-search_paths_first -Wl,-headerpad_max_install_names   CMakeFiles/cmTC_7ec71.dir/testCXXCompiler.cxx.o  -o cmTC_7ec71 



Detecting CXX compiler ABI info compiled with the following output:
Change Dir: /Users/vk/software/test-cmake/package1/build/CMakeFiles/CMakeTmp

Run Build Command(s):/usr/bin/make cmTC_19d2d/fast && /Library/Developer/CommandLineTools/usr/bin/make -f CMakeFiles/cmTC_19d2d.dir/build.make CMakeFiles/cmTC_19d2d.dir/build
Building CXX object CMakeFiles/cmTC_19d2d.dir/CMakeCXXCompilerABI.cpp.o
/usr/local/opt/llvm/bin/clang++    -isysroot /Library/Developer/CommandLineTools/SDKs/MacOSX10.15.sdk   -v -Wl,-v -o CMakeFiles/cmTC_19d2d.dir/CMakeCXXCompilerABI.cpp.o -c /usr/local/Cellar/cmake/3.17.0/share/cmake/Modules/CMakeCXXCompilerABI.cpp
clang version 11.0.0
Target: x86_64-apple-darwin19.6.0
Thread model: posix
InstalledDir: /usr/local/opt/llvm/bin
clang-11: warning: -Wl,-v: 'linker' input unused [-Wunused-command-line-argument]
 (in-process)
 "/usr/local/Cellar/llvm/11.0.0/bin/clang-11" -cc1 -triple x86_64-apple-macosx10.15.0 -Wundef-prefix=TARGET_OS_ -Werror=undef-prefix -Wdeprecated-objc-isa-usage -Werror=deprecated-objc-isa-usage -emit-obj -mrelax-all -disable-free -disable-llvm-verifier -discard-value-names -main-file-name CMakeCXXCompilerABI.cpp -mrelocation-model pic -pic-level 2 -mframe-pointer=all -fno-rounding-math -munwind-tables -target-sdk-version=10.15.6 -fcompatibility-qualified-id-block-type-checking -target-cpu penryn -debugger-tuning=lldb -target-linker-version 609 -v -resource-dir /usr/local/Cellar/llvm/11.0.0/lib/clang/11.0.0 -isysroot /Library/Developer/CommandLineTools/SDKs/MacOSX10.15.sdk -I/Users/vk/software/tbb/tbb2017_20170604oss/include -I/Users/vk/software/tbb/tbb2017_20170604oss/include -stdlib=libc++ -internal-isystem /usr/local/opt/llvm/bin/../include/c++/v1 -internal-isystem /Library/Developer/CommandLineTools/SDKs/MacOSX10.15.sdk/usr/include/c++/v1 -internal-isystem /Library/Developer/CommandLineTools/SDKs/MacOSX10.15.sdk/usr/local/include -internal-isystem /usr/local/Cellar/llvm/11.0.0/lib/clang/11.0.0/include -internal-externc-isystem /Library/Developer/CommandLineTools/SDKs/MacOSX10.15.sdk/usr/include -fdeprecated-macro -fdebug-compilation-dir /Users/vk/software/test-cmake/package1/build/CMakeFiles/CMakeTmp -ferror-limit 19 -stack-protector 1 -fblocks -fencode-extended-block-signature -fregister-global-dtors-with-atexit -fgnuc-version=4.2.1 -fcxx-exceptions -fexceptions -fmax-type-align=16 -o CMakeFiles/cmTC_19d2d.dir/CMakeCXXCompilerABI.cpp.o -x c++ /usr/local/Cellar/cmake/3.17.0/share/cmake/Modules/CMakeCXXCompilerABI.cpp
clang -cc1 version 11.0.0 based upon LLVM 11.0.0 default target x86_64-apple-darwin19.6.0
ignoring nonexistent directory "/Library/Developer/CommandLineTools/SDKs/MacOSX10.15.sdk/usr/include/c++/v1"
ignoring nonexistent directory "/Library/Developer/CommandLineTools/SDKs/MacOSX10.15.sdk/usr/local/include"
ignoring nonexistent directory "/Library/Developer/CommandLineTools/SDKs/MacOSX10.15.sdk/Library/Frameworks"
ignoring duplicate directory "/Users/vk/software/tbb/tbb2017_20170604oss/include"
#include "..." search starts here:
#include <...> search starts here:
 /Users/vk/software/tbb/tbb2017_20170604oss/include
 /usr/local/opt/llvm/bin/../include/c++/v1
 /usr/local/Cellar/llvm/11.0.0/lib/clang/11.0.0/include
 /Library/Developer/CommandLineTools/SDKs/MacOSX10.15.sdk/usr/include
 /Library/Developer/CommandLineTools/SDKs/MacOSX10.15.sdk/System/Library/Frameworks (framework directory)
End of search list.
Linking CXX executable cmTC_19d2d
/usr/local/Cellar/cmake/3.17.0/bin/cmake -E cmake_link_script CMakeFiles/cmTC_19d2d.dir/link.txt --verbose=1
/usr/local/opt/llvm/bin/clang++    -isysroot /Library/Developer/CommandLineTools/SDKs/MacOSX10.15.sdk -Wl,-search_paths_first -Wl,-headerpad_max_install_names  -v -Wl,-v CMakeFiles/cmTC_19d2d.dir/CMakeCXXCompilerABI.cpp.o  -o cmTC_19d2d 
clang version 11.0.0
Target: x86_64-apple-darwin19.6.0
Thread model: posix
InstalledDir: /usr/local/opt/llvm/bin
 "/usr/bin/ld" -demangle -lto_library /usr/local/Cellar/llvm/11.0.0/lib/libLTO.dylib -dynamic -arch x86_64 -platform_version macos 10.15.0 10.15.6 -syslibroot /Library/Developer/CommandLineTools/SDKs/MacOSX10.15.sdk -o cmTC_19d2d -L/Users/vk/software/tbb/tbb2017_20170604oss/lib -L/Users/vk/software/tbb/tbb2017_20170604oss/lib -search_paths_first -headerpad_max_install_names -v CMakeFiles/cmTC_19d2d.dir/CMakeCXXCompilerABI.cpp.o -lc++ -lSystem /usr/local/Cellar/llvm/11.0.0/lib/clang/11.0.0/lib/darwin/libclang_rt.osx.a
@(#)PROGRAM:ld  PROJECT:ld64-609
BUILD 04:42:03 Aug 10 2020
configured to support archs: armv6 armv7 armv7s arm64 arm64e arm64_32 i386 x86_64 x86_64h armv6m armv7k armv7m armv7em
Library search paths:
	/Users/vk/software/tbb/tbb2017_20170604oss/lib
	/Users/vk/software/tbb/tbb2017_20170604oss/lib
	/Library/Developer/CommandLineTools/SDKs/MacOSX10.15.sdk/usr/lib
Framework search paths:
	/Library/Developer/CommandLineTools/SDKs/MacOSX10.15.sdk/System/Library/Frameworks/



Parsed CXX implicit include dir info from above output: rv=done
  found start of include info
  found start of implicit include info
    add: [/Users/vk/software/tbb/tbb2017_20170604oss/include]
    add: [/usr/local/opt/llvm/bin/../include/c++/v1]
    add: [/usr/local/Cellar/llvm/11.0.0/lib/clang/11.0.0/include]
    add: [/Library/Developer/CommandLineTools/SDKs/MacOSX10.15.sdk/usr/include]
  end of search list found
  collapse include dir [/Users/vk/software/tbb/tbb2017_20170604oss/include] ==> [/Users/vk/software/tbb/tbb2017_20170604oss/include]
  collapse include dir [/usr/local/opt/llvm/bin/../include/c++/v1] ==> [/usr/local/opt/llvm/include/c++/v1]
  collapse include dir [/usr/local/Cellar/llvm/11.0.0/lib/clang/11.0.0/include] ==> [/usr/local/Cellar/llvm/11.0.0/lib/clang/11.0.0/include]
  collapse include dir [/Library/Developer/CommandLineTools/SDKs/MacOSX10.15.sdk/usr/include] ==> [/Library/Developer/CommandLineTools/SDKs/MacOSX10.15.sdk/usr/include]
  implicit include dirs: [/Users/vk/software/tbb/tbb2017_20170604oss/include;/usr/local/opt/llvm/include/c++/v1;/usr/local/Cellar/llvm/11.0.0/lib/clang/11.0.0/include;/Library/Developer/CommandLineTools/SDKs/MacOSX10.15.sdk/usr/include]


Parsed CXX implicit link information from above output:
  link line regex: [^( *|.*[/\])(ld|CMAKE_LINK_STARTFILE-NOTFOUND|([^/\]+-)?ld|collect2)[^/\]*( |$)]
  ignore line: [Change Dir: /Users/vk/software/test-cmake/package1/build/CMakeFiles/CMakeTmp]
  ignore line: []
  ignore line: [Run Build Command(s):/usr/bin/make cmTC_19d2d/fast && /Library/Developer/CommandLineTools/usr/bin/make -f CMakeFiles/cmTC_19d2d.dir/build.make CMakeFiles/cmTC_19d2d.dir/build]
  ignore line: [Building CXX object CMakeFiles/cmTC_19d2d.dir/CMakeCXXCompilerABI.cpp.o]
  ignore line: [/usr/local/opt/llvm/bin/clang++    -isysroot /Library/Developer/CommandLineTools/SDKs/MacOSX10.15.sdk   -v -Wl -v -o CMakeFiles/cmTC_19d2d.dir/CMakeCXXCompilerABI.cpp.o -c /usr/local/Cellar/cmake/3.17.0/share/cmake/Modules/CMakeCXXCompilerABI.cpp]
  ignore line: [clang version 11.0.0]
  ignore line: [Target: x86_64-apple-darwin19.6.0]
  ignore line: [Thread model: posix]
  ignore line: [InstalledDir: /usr/local/opt/llvm/bin]
  ignore line: [clang-11: warning: -Wl -v: 'linker' input unused [-Wunused-command-line-argument]]
  ignore line: [ (in-process)]
  ignore line: [ "/usr/local/Cellar/llvm/11.0.0/bin/clang-11" -cc1 -triple x86_64-apple-macosx10.15.0 -Wundef-prefix=TARGET_OS_ -Werror=undef-prefix -Wdeprecated-objc-isa-usage -Werror=deprecated-objc-isa-usage -emit-obj -mrelax-all -disable-free -disable-llvm-verifier -discard-value-names -main-file-name CMakeCXXCompilerABI.cpp -mrelocation-model pic -pic-level 2 -mframe-pointer=all -fno-rounding-math -munwind-tables -target-sdk-version=10.15.6 -fcompatibility-qualified-id-block-type-checking -target-cpu penryn -debugger-tuning=lldb -target-linker-version 609 -v -resource-dir /usr/local/Cellar/llvm/11.0.0/lib/clang/11.0.0 -isysroot /Library/Developer/CommandLineTools/SDKs/MacOSX10.15.sdk -I/Users/vk/software/tbb/tbb2017_20170604oss/include -I/Users/vk/software/tbb/tbb2017_20170604oss/include -stdlib=libc++ -internal-isystem /usr/local/opt/llvm/bin/../include/c++/v1 -internal-isystem /Library/Developer/CommandLineTools/SDKs/MacOSX10.15.sdk/usr/include/c++/v1 -internal-isystem /Library/Developer/CommandLineTools/SDKs/MacOSX10.15.sdk/usr/local/include -internal-isystem /usr/local/Cellar/llvm/11.0.0/lib/clang/11.0.0/include -internal-externc-isystem /Library/Developer/CommandLineTools/SDKs/MacOSX10.15.sdk/usr/include -fdeprecated-macro -fdebug-compilation-dir /Users/vk/software/test-cmake/package1/build/CMakeFiles/CMakeTmp -ferror-limit 19 -stack-protector 1 -fblocks -fencode-extended-block-signature -fregister-global-dtors-with-atexit -fgnuc-version=4.2.1 -fcxx-exceptions -fexceptions -fmax-type-align=16 -o CMakeFiles/cmTC_19d2d.dir/CMakeCXXCompilerABI.cpp.o -x c++ /usr/local/Cellar/cmake/3.17.0/share/cmake/Modules/CMakeCXXCompilerABI.cpp]
  ignore line: [clang -cc1 version 11.0.0 based upon LLVM 11.0.0 default target x86_64-apple-darwin19.6.0]
  ignore line: [ignoring nonexistent directory "/Library/Developer/CommandLineTools/SDKs/MacOSX10.15.sdk/usr/include/c++/v1"]
  ignore line: [ignoring nonexistent directory "/Library/Developer/CommandLineTools/SDKs/MacOSX10.15.sdk/usr/local/include"]
  ignore line: [ignoring nonexistent directory "/Library/Developer/CommandLineTools/SDKs/MacOSX10.15.sdk/Library/Frameworks"]
  ignore line: [ignoring duplicate directory "/Users/vk/software/tbb/tbb2017_20170604oss/include"]
  ignore line: [#include "..." search starts here:]
  ignore line: [#include <...> search starts here:]
  ignore line: [ /Users/vk/software/tbb/tbb2017_20170604oss/include]
  ignore line: [ /usr/local/opt/llvm/bin/../include/c++/v1]
  ignore line: [ /usr/local/Cellar/llvm/11.0.0/lib/clang/11.0.0/include]
  ignore line: [ /Library/Developer/CommandLineTools/SDKs/MacOSX10.15.sdk/usr/include]
  ignore line: [ /Library/Developer/CommandLineTools/SDKs/MacOSX10.15.sdk/System/Library/Frameworks (framework directory)]
  ignore line: [End of search list.]
  ignore line: [Linking CXX executable cmTC_19d2d]
  ignore line: [/usr/local/Cellar/cmake/3.17.0/bin/cmake -E cmake_link_script CMakeFiles/cmTC_19d2d.dir/link.txt --verbose=1]
  ignore line: [/usr/local/opt/llvm/bin/clang++    -isysroot /Library/Developer/CommandLineTools/SDKs/MacOSX10.15.sdk -Wl -search_paths_first -Wl -headerpad_max_install_names  -v -Wl -v CMakeFiles/cmTC_19d2d.dir/CMakeCXXCompilerABI.cpp.o  -o cmTC_19d2d ]
  ignore line: [clang version 11.0.0]
  ignore line: [Target: x86_64-apple-darwin19.6.0]
  ignore line: [Thread model: posix]
  ignore line: [InstalledDir: /usr/local/opt/llvm/bin]
  link line: [ "/usr/bin/ld" -demangle -lto_library /usr/local/Cellar/llvm/11.0.0/lib/libLTO.dylib -dynamic -arch x86_64 -platform_version macos 10.15.0 10.15.6 -syslibroot /Library/Developer/CommandLineTools/SDKs/MacOSX10.15.sdk -o cmTC_19d2d -L/Users/vk/software/tbb/tbb2017_20170604oss/lib -L/Users/vk/software/tbb/tbb2017_20170604oss/lib -search_paths_first -headerpad_max_install_names -v CMakeFiles/cmTC_19d2d.dir/CMakeCXXCompilerABI.cpp.o -lc++ -lSystem /usr/local/Cellar/llvm/11.0.0/lib/clang/11.0.0/lib/darwin/libclang_rt.osx.a]
    arg [/usr/bin/ld] ==> ignore
    arg [-demangle] ==> ignore
    arg [-lto_library] ==> ignore, skip following value
    arg [/usr/local/Cellar/llvm/11.0.0/lib/libLTO.dylib] ==> skip value of -lto_library
    arg [-dynamic] ==> ignore
    arg [-arch] ==> ignore
    arg [x86_64] ==> ignore
    arg [-platform_version] ==> ignore
    arg [macos] ==> ignore
    arg [10.15.0] ==> ignore
    arg [10.15.6] ==> ignore
    arg [-syslibroot] ==> ignore
    arg [/Library/Developer/CommandLineTools/SDKs/MacOSX10.15.sdk] ==> ignore
    arg [-o] ==> ignore
    arg [cmTC_19d2d] ==> ignore
    arg [-L/Users/vk/software/tbb/tbb2017_20170604oss/lib] ==> dir [/Users/vk/software/tbb/tbb2017_20170604oss/lib]
    arg [-L/Users/vk/software/tbb/tbb2017_20170604oss/lib] ==> dir [/Users/vk/software/tbb/tbb2017_20170604oss/lib]
    arg [-search_paths_first] ==> ignore
    arg [-headerpad_max_install_names] ==> ignore
    arg [-v] ==> ignore
    arg [CMakeFiles/cmTC_19d2d.dir/CMakeCXXCompilerABI.cpp.o] ==> ignore
    arg [-lc++] ==> lib [c++]
    arg [-lSystem] ==> lib [System]
    arg [/usr/local/Cellar/llvm/11.0.0/lib/clang/11.0.0/lib/darwin/libclang_rt.osx.a] ==> lib [/usr/local/Cellar/llvm/11.0.0/lib/clang/11.0.0/lib/darwin/libclang_rt.osx.a]
  Library search paths: [;/Users/vk/software/tbb/tbb2017_20170604oss/lib;/Users/vk/software/tbb/tbb2017_20170604oss/lib;/Library/Developer/CommandLineTools/SDKs/MacOSX10.15.sdk/usr/lib]
  Framework search paths: [;/Library/Developer/CommandLineTools/SDKs/MacOSX10.15.sdk/System/Library/Frameworks/]
  remove lib [System]
  remove lib [/usr/local/Cellar/llvm/11.0.0/lib/clang/11.0.0/lib/darwin/libclang_rt.osx.a]
  collapse library dir [/Users/vk/software/tbb/tbb2017_20170604oss/lib] ==> [/Users/vk/software/tbb/tbb2017_20170604oss/lib]
  collapse library dir [/Users/vk/software/tbb/tbb2017_20170604oss/lib] ==> [/Users/vk/software/tbb/tbb2017_20170604oss/lib]
  collapse library dir [/Users/vk/software/tbb/tbb2017_20170604oss/lib] ==> [/Users/vk/software/tbb/tbb2017_20170604oss/lib]
  collapse library dir [/Users/vk/software/tbb/tbb2017_20170604oss/lib] ==> [/Users/vk/software/tbb/tbb2017_20170604oss/lib]
  collapse library dir [/Library/Developer/CommandLineTools/SDKs/MacOSX10.15.sdk/usr/lib] ==> [/Library/Developer/CommandLineTools/SDKs/MacOSX10.15.sdk/usr/lib]
  collapse framework dir [/Library/Developer/CommandLineTools/SDKs/MacOSX10.15.sdk/System/Library/Frameworks/] ==> [/Library/Developer/CommandLineTools/SDKs/MacOSX10.15.sdk/System/Library/Frameworks]
  implicit libs: [c++]
  implicit dirs: [/Users/vk/software/tbb/tbb2017_20170604oss/lib;/Library/Developer/CommandLineTools/SDKs/MacOSX10.15.sdk/usr/lib]
  implicit fwks: [/Library/Developer/CommandLineTools/SDKs/MacOSX10.15.sdk/System/Library/Frameworks]


